<?xml version="1.0" encoding="UTF-8"?>
<!-- Generated by org.testng.reporters.JUnitReportReporter -->
<testsuite skipped="0" hostname="DESKTOP-KP126CT" name="practise.SeleniumTest" tests="1" failures="0" timestamp="20 Jul 2019 12:53:12 GMT" time="3.853" errors="0">
  <testcase name="run" time="3.853" classname="practise.SeleniumTest"/>
</testsuite> <!-- practise.SeleniumTest -->
