<?xml version="1.0" encoding="UTF-8"?>
<!-- Generated by org.testng.reporters.JUnitReportReporter -->
<testsuite skipped="0" hostname="DESKTOP-KP126CT" name="practise.RestApiTest" tests="1" failures="0" timestamp="17 Jul 2019 14:26:37 GMT" time="0.001" errors="0">
  <testcase name="run" time="0.001" classname="practise.RestApiTest"/>
</testsuite> <!-- practise.RestApiTest -->
