<?xml version="1.0" encoding="UTF-8"?>
<!-- Generated by org.testng.reporters.JUnitReportReporter -->
<testsuite skipped="0" hostname="DESKTOP-KP126CT" name="practise.SeleniumTest" tests="1" failures="0" timestamp="17 Jul 2019 14:26:37 GMT" time="0.045" errors="0">
  <testcase name="run" time="0.045" classname="practise.SeleniumTest"/>
</testsuite> <!-- practise.SeleniumTest -->
